<?xml version="1.0" encoding="UTF-8"?>
<!-- Generated by org.testng.reporters.JUnitReportReporter -->
<testsuite skipped="0" hostname="ONOTTAA688072P" name="com.gcdp.test.MainTest" tests="2" failures="0" timestamp="2020-06-14T23:05:34 EDT" time="124.207" errors="0">
  <testcase name="test_shouldCreate_PreScreeningApplication" time="44.637" classname="com.gcdp.test.MainTest"/>
  <system-out/>
  <testcase name="test_shouldCreate_FullScreeningApplication" time="79.570" classname="com.gcdp.test.MainTest"/>
  <system-out/>
</testsuite> <!-- com.gcdp.test.MainTest -->
