<?xml version="1.0" encoding="UTF-8"?>
<!-- Generated by org.testng.reporters.JUnitReportReporter -->
<testsuite hostname="ONOTTAA693858P" failures="0" tests="1" name="com.gcdp.test.MainTest" time="44.171" errors="0" timestamp="2021-01-08T09:57:07 EST" skipped="0">
  <testcase classname="com.gcdp.test.MainTest" name="test_shouldCreate_PreScreeningApplication" time="44.171"/>
  <system-out/>
</testsuite> <!-- com.gcdp.test.MainTest -->
